<?xml version="1.0" encoding="UTF-8" ?>
<testsuite tests="62" failures="9" name="fi.tuni.prog3.junitorder.OrderTest" time="0.104" errors="0" skipped="0">
  <properties>
[...]
</properties>
  <testcase classname="fi.tuni.prog3.junitorder.OrderTest" name="fi.tuni.prog3.junitorder.OrderTest.testGetEntries" time="0.007"/>
  <testcase classname="fi.tuni.prog3.junitorder.OrderTest" name="fi.tuni.prog3.junitorder.OrderTest.testGetEntryCount" time="0.028">
    <failure message="expected: &lt;1&gt; but was: &lt;3&gt;" type="org.opentest4j.AssertionFailedError">org.opentest4j.AssertionFailedError: expected: &lt;1&gt; but was: &lt;3&gt;
	at org.junit.jupiter.api.AssertionUtils.fail(AssertionUtils.java:55)
	at org.junit.jupiter.api.AssertionUtils.failNotEqual(AssertionUtils.java:62)
	at org.junit.jupiter.api.AssertEquals.assertEquals(AssertEquals.java:150)
	at org.junit.jupiter.api.AssertEquals.assertEquals(AssertEquals.java:145)
	at org.junit.jupiter.api.Assertions.assertEquals(Assertions.java:510)
	at fi.tuni.prog3.junitorder.OrderTest.testGetEntryCount(OrderTest.java:264)
</failure>
  </testcase>
  <testcase classname="fi.tuni.prog3.junitorder.OrderTest" name="fi.tuni.prog3.junitorder.OrderTest.testAddItemsByName" time="0.004">
    <failure message="expected: &lt;1&gt; but was: &lt;5&gt;" type="org.opentest4j.AssertionFailedError">org.opentest4j.AssertionFailedError: expected: &lt;1&gt; but was: &lt;5&gt;
	at org.junit.jupiter.api.AssertionUtils.fail(AssertionUtils.java:55)
	at org.junit.jupiter.api.AssertionUtils.failNotEqual(AssertionUtils.java:62)
	at org.junit.jupiter.api.AssertEquals.assertEquals(AssertEquals.java:150)
	at org.junit.jupiter.api.AssertEquals.assertEquals(AssertEquals.java:145)
	at org.junit.jupiter.api.Assertions.assertEquals(Assertions.java:510)
	at fi.tuni.prog3.junitorder.OrderTest.testAddItemsByName(OrderTest.java:75)
</failure>
  </testcase>
  <testcase classname="fi.tuni.prog3.junitorder.OrderTest" name="fi.tuni.prog3.junitorder.OrderTest.testAddItems" time="0">
    <failure message="expected: &lt;1&gt; but was: &lt;3&gt;" type="org.opentest4j.AssertionFailedError">org.opentest4j.AssertionFailedError: expected: &lt;1&gt; but was: &lt;3&gt;
	at org.junit.jupiter.api.AssertionUtils.fail(AssertionUtils.java:55)
	at org.junit.jupiter.api.AssertionUtils.failNotEqual(AssertionUtils.java:62)
	at org.junit.jupiter.api.AssertEquals.assertEquals(AssertEquals.java:150)
	at org.junit.jupiter.api.AssertEquals.assertEquals(AssertEquals.java:145)
	at org.junit.jupiter.api.Assertions.assertEquals(Assertions.java:510)
	at fi.tuni.prog3.junitorder.OrderTest.testAddItems(OrderTest.java:55)
</failure>
  </testcase>
  <testcase classname="fi.tuni.prog3.junitorder.OrderTest" name="fi.tuni.prog3.junitorder.OrderTest.testGetTotalPrice" time="0"/>
  <testcase classname="fi.tuni.prog3.junitorder.OrderTest" name="fi.tuni.prog3.junitorder.OrderTest.testEntryGetCount" time="0"/>
  <testcase classname="fi.tuni.prog3.junitorder.OrderTest" name="fi.tuni.prog3.junitorder.OrderTest.testEntryGetItem" time="0"/>
  <testcase classname="fi.tuni.prog3.junitorder.OrderTest" name="fi.tuni.prog3.junitorder.OrderTest.testItemGetPrice" time="0"/>
  <testcase classname="fi.tuni.prog3.junitorder.OrderTest" name="fi.tuni.prog3.junitorder.OrderTest.testItemGetName" time="0"/>
  <testcase classname="fi.tuni.prog3.junitorder.OrderTest" name="fi.tuni.prog3.junitorder.OrderTest.testItemEquals" time="0"/>
  <testcase classname="fi.tuni.prog3.junitorder.OrderTest" name="fi.tuni.prog3.junitorder.OrderTest.testEntryToString" time="0.039"/>
  <testcase classname="fi.tuni.prog3.junitorder.OrderTest" name="fi.tuni.prog3.junitorder.OrderTest.testRemoveItems" time="0.001">
    <failure message="expected: &lt;2&gt; but was: &lt;4&gt;" type="org.opentest4j.AssertionFailedError">org.opentest4j.AssertionFailedError: expected: &lt;2&gt; but was: &lt;4&gt;
	at org.junit.jupiter.api.AssertionUtils.fail(AssertionUtils.java:55)
	at org.junit.jupiter.api.AssertionUtils.failNotEqual(AssertionUtils.java:62)
	at org.junit.jupiter.api.AssertEquals.assertEquals(AssertEquals.java:150)
	at org.junit.jupiter.api.AssertEquals.assertEquals(AssertEquals.java:145)
	at org.junit.jupiter.api.Assertions.assertEquals(Assertions.java:510)
	at fi.tuni.prog3.junitorder.OrderTest.testRemoveItems(OrderTest.java:349)
</failure>
  </testcase>
  <testcase classname="fi.tuni.prog3.junitorder.OrderTest" name="fi.tuni.prog3.junitorder.OrderTest.testItemToString" time="0"/>
  <testcase classname="fi.tuni.prog3.junitorder.OrderTest" name="fi.tuni.prog3.junitorder.OrderTest.testAddItemsByNameMultipleDistinctItems" time="0"/>
  <testcase classname="fi.tuni.prog3.junitorder.OrderTest" name="fi.tuni.prog3.junitorder.OrderTest.testGetEntriesAfterAddingAndRemovingItems" time="0"/>
  <testcase classname="fi.tuni.prog3.junitorder.OrderTest" name="fi.tuni.prog3.junitorder.OrderTest.testEntryConstructorWithDifferentItems" time="0.001"/>
  <testcase classname="fi.tuni.prog3.junitorder.OrderTest" name="fi.tuni.prog3.junitorder.OrderTest.testGetTotalPriceAfterAddingAndRemovingItems" time="0"/>
  <testcase classname="fi.tuni.prog3.junitorder.OrderTest" name="fi.tuni.prog3.junitorder.OrderTest.testItemEqualityDifferentNameAndPrice" time="0"/>
  <testcase classname="fi.tuni.prog3.junitorder.OrderTest" name="fi.tuni.prog3.junitorder.OrderTest.testEntryConstructorWithNegativeCount" time="0.005"/>
  <testcase classname="fi.tuni.prog3.junitorder.OrderTest" name="fi.tuni.prog3.junitorder.OrderTest.testOrderConstructorWithMultipleEntries" time="0.001">
    <failure message="expected: &lt;2&gt; but was: &lt;5&gt;" type="org.opentest4j.AssertionFailedError">org.opentest4j.AssertionFailedError: expected: &lt;2&gt; but was: &lt;5&gt;
	at org.junit.jupiter.api.AssertionUtils.fail(AssertionUtils.java:55)
	at org.junit.jupiter.api.AssertionUtils.failNotEqual(AssertionUtils.java:62)
	at org.junit.jupiter.api.AssertEquals.assertEquals(AssertEquals.java:150)
	at org.junit.jupiter.api.AssertEquals.assertEquals(AssertEquals.java:145)
	at org.junit.jupiter.api.Assertions.assertEquals(Assertions.java:510)
	at fi.tuni.prog3.junitorder.OrderTest.testOrderConstructorWithMultipleEntries(OrderTest.java:593)
</failure>
  </testcase>
  <testcase classname="fi.tuni.prog3.junitorder.OrderTest" name="fi.tuni.prog3.junitorder.OrderTest.testGetItemFromDifferentEntry" time="0"/>
  <testcase classname="fi.tuni.prog3.junitorder.OrderTest" name="fi.tuni.prog3.junitorder.OrderTest.testItemGetPriceZero" time="0"/>
  <testcase classname="fi.tuni.prog3.junitorder.OrderTest" name="fi.tuni.prog3.junitorder.OrderTest.testAddItemsToExistingEntry" time="0"/>
  <testcase classname="fi.tuni.prog3.junitorder.OrderTest" name="fi.tuni.prog3.junitorder.OrderTest.testItemConstructor" time="0.001"/>
  <testcase classname="fi.tuni.prog3.junitorder.OrderTest" name="fi.tuni.prog3.junitorder.OrderTest.testToStringOfDifferentEntry" time="0"/>
  <testcase classname="fi.tuni.prog3.junitorder.OrderTest" name="fi.tuni.prog3.junitorder.OrderTest.testAddItemsMultipleDistinctItems" time="0.001"/>
  <testcase classname="fi.tuni.prog3.junitorder.OrderTest" name="fi.tuni.prog3.junitorder.OrderTest.testRemoveItemsLargerCount" time="0.001"/>
  <testcase classname="fi.tuni.prog3.junitorder.OrderTest" name="fi.tuni.prog3.junitorder.OrderTest.testGetEntriesSingleEntry" time="0"/>
  <testcase classname="fi.tuni.prog3.junitorder.OrderTest" name="fi.tuni.prog3.junitorder.OrderTest.testAddItemsLargeCount" time="0"/>
  <testcase classname="fi.tuni.prog3.junitorder.OrderTest" name="fi.tuni.prog3.junitorder.OrderTest.testEntryConstructorWithZeroCount" time="0.001"/>
  <testcase classname="fi.tuni.prog3.junitorder.OrderTest" name="fi.tuni.prog3.junitorder.OrderTest.testGetTotalPriceSingleEntry" time="0"/>
  <testcase classname="fi.tuni.prog3.junitorder.OrderTest" name="fi.tuni.prog3.junitorder.OrderTest.testItemToStringRoundedPrice" time="0"/>
  <testcase classname="fi.tuni.prog3.junitorder.OrderTest" name="fi.tuni.prog3.junitorder.OrderTest.testRemoveAllItemsOfAnEntry" time="0"/>
  <testcase classname="fi.tuni.prog3.junitorder.OrderTest" name="fi.tuni.prog3.junitorder.OrderTest.testAddItemsByNameNegativeCount" time="0.003">
    <failure message="Expected java.lang.IllegalArgumentException to be thrown, but nothing was thrown." type="org.opentest4j.AssertionFailedError">org.opentest4j.AssertionFailedError: Expected java.lang.IllegalArgumentException to be thrown, but nothing was thrown.
	at org.junit.jupiter.api.AssertThrows.assertThrows(AssertThrows.java:71)
	at org.junit.jupiter.api.AssertThrows.assertThrows(AssertThrows.java:37)
	at org.junit.jupiter.api.Assertions.assertThrows(Assertions.java:2952)
	at fi.tuni.prog3.junitorder.OrderTest.testAddItemsByNameNegativeCount(OrderTest.java:83)
</failure>
  </testcase>
  <testcase classname="fi.tuni.prog3.junitorder.OrderTest" name="fi.tuni.prog3.junitorder.OrderTest.testAddItemsByNameNonexistent" time="0.001"/>
  <testcase classname="fi.tuni.prog3.junitorder.OrderTest" name="fi.tuni.prog3.junitorder.OrderTest.testGetEntriesMultipleEntries" time="0"/>
  <testcase classname="fi.tuni.prog3.junitorder.OrderTest" name="fi.tuni.prog3.junitorder.OrderTest.testEntryGetUnitPrice" time="0"/>
  <testcase classname="fi.tuni.prog3.junitorder.OrderTest" name="fi.tuni.prog3.junitorder.OrderTest.testGetCountFromDifferentEntry" time="0"/>
  <testcase classname="fi.tuni.prog3.junitorder.OrderTest" name="fi.tuni.prog3.junitorder.OrderTest.testItemEqualityDifferentPrice" time="0"/>
  <testcase classname="fi.tuni.prog3.junitorder.OrderTest" name="fi.tuni.prog3.junitorder.OrderTest.testOrderConstructorWithNoEntries" time="0"/>
  <testcase classname="fi.tuni.prog3.junitorder.OrderTest" name="fi.tuni.prog3.junitorder.OrderTest.testRemoveItemsNegativeCount" time="0.001"/>
  <testcase classname="fi.tuni.prog3.junitorder.OrderTest" name="fi.tuni.prog3.junitorder.OrderTest.testGetTotalPriceEmptyOrder" time="0"/>
  <testcase classname="fi.tuni.prog3.junitorder.OrderTest" name="fi.tuni.prog3.junitorder.OrderTest.testGetItemNameFromDifferentEntry" time="0"/>
  <testcase classname="fi.tuni.prog3.junitorder.OrderTest" name="fi.tuni.prog3.junitorder.OrderTest.testEntryConstructor" time="0"/>
  <testcase classname="fi.tuni.prog3.junitorder.OrderTest" name="fi.tuni.prog3.junitorder.OrderTest.testItemEqualityWithItself" time="0"/>
  <testcase classname="fi.tuni.prog3.junitorder.OrderTest" name="fi.tuni.prog3.junitorder.OrderTest.testGetEntryCountEmptyOrder" time="0"/>
  <testcase classname="fi.tuni.prog3.junitorder.OrderTest" name="fi.tuni.prog3.junitorder.OrderTest.testAddItemsNegativeCount" time="0.002"/>
  <testcase classname="fi.tuni.prog3.junitorder.OrderTest" name="fi.tuni.prog3.junitorder.OrderTest.testAddItemsByNameNonExistentItem" time="0.001"/>
  <testcase classname="fi.tuni.prog3.junitorder.OrderTest" name="fi.tuni.prog3.junitorder.OrderTest.testOrderConstructorWithNewItem" time="0.001">
    <failure message="expected: &lt;1&gt; but was: &lt;4&gt;" type="org.opentest4j.AssertionFailedError">org.opentest4j.AssertionFailedError: expected: &lt;1&gt; but was: &lt;4&gt;
	at org.junit.jupiter.api.AssertionUtils.fail(AssertionUtils.java:55)
	at org.junit.jupiter.api.AssertionUtils.failNotEqual(AssertionUtils.java:62)
	at org.junit.jupiter.api.AssertEquals.assertEquals(AssertEquals.java:150)
	at org.junit.jupiter.api.AssertEquals.assertEquals(AssertEquals.java:145)
	at org.junit.jupiter.api.Assertions.assertEquals(Assertions.java:510)
	at fi.tuni.prog3.junitorder.OrderTest.testOrderConstructorWithNewItem(OrderTest.java:614)
</failure>
  </testcase>
  <testcase classname="fi.tuni.prog3.junitorder.OrderTest" name="fi.tuni.prog3.junitorder.OrderTest.testEntryGetItemName" time="0"/>
  <testcase classname="fi.tuni.prog3.junitorder.OrderTest" name="fi.tuni.prog3.junitorder.OrderTest.testNegativePriceItemCreation" time="0.001"/>
  <testcase classname="fi.tuni.prog3.junitorder.OrderTest" name="fi.tuni.prog3.junitorder.OrderTest.testAddItemsByNameToExistingEntry" time="0"/>
  <testcase classname="fi.tuni.prog3.junitorder.OrderTest" name="fi.tuni.prog3.junitorder.OrderTest.testOrderConstructor" time="0"/>
  <testcase classname="fi.tuni.prog3.junitorder.OrderTest" name="fi.tuni.prog3.junitorder.OrderTest.testValidItemCreation" time="0"/>
  <testcase classname="fi.tuni.prog3.junitorder.OrderTest" name="fi.tuni.prog3.junitorder.OrderTest.testAddItemsSameNameDifferentPrice" time="0.001"/>
  <testcase classname="fi.tuni.prog3.junitorder.OrderTest" name="fi.tuni.prog3.junitorder.OrderTest.testRemoveItemsNonexistent" time="0.001"/>
  <testcase classname="fi.tuni.prog3.junitorder.OrderTest" name="fi.tuni.prog3.junitorder.OrderTest.testAddItemsByNameZeroCount" time="0.002">
    <failure message="Expected java.lang.IllegalArgumentException to be thrown, but nothing was thrown." type="org.opentest4j.AssertionFailedError">org.opentest4j.AssertionFailedError: Expected java.lang.IllegalArgumentException to be thrown, but nothing was thrown.
	at org.junit.jupiter.api.AssertThrows.assertThrows(AssertThrows.java:71)
	at org.junit.jupiter.api.AssertThrows.assertThrows(AssertThrows.java:37)
	at org.junit.jupiter.api.Assertions.assertThrows(Assertions.java:2952)
	at fi.tuni.prog3.junitorder.OrderTest.testAddItemsByNameZeroCount(OrderTest.java:167)
</failure>
  </testcase>
  <testcase classname="fi.tuni.prog3.junitorder.OrderTest" name="fi.tuni.prog3.junitorder.OrderTest.testItemGetPricePositive" time="0"/>
  <testcase classname="fi.tuni.prog3.junitorder.OrderTest" name="fi.tuni.prog3.junitorder.OrderTest.testItemEqualityWithNull" time="0">
    <failure message="Cannot invoke &quot;fi.tuni.prog3.junitorder.Order$Item.getName()&quot; because &quot;other&quot; is null" type="java.lang.NullPointerException">java.lang.NullPointerException: Cannot invoke &quot;fi.tuni.prog3.junitorder.Order$Item.getName()&quot; because &quot;other&quot; is null
	at fi.tuni.prog3.junitorder.Order$Item.equals(Order.java:286)
	at fi.tuni.prog3.junitorder.OrderTest.testItemEqualityWithNull(OrderTest.java:549)
</failure>
  </testcase>
  <testcase classname="fi.tuni.prog3.junitorder.OrderTest" name="fi.tuni.prog3.junitorder.OrderTest.testGetUnitPriceFromDifferentEntry" time="0"/>
  <testcase classname="fi.tuni.prog3.junitorder.OrderTest" name="fi.tuni.prog3.junitorder.OrderTest.testGetTotalPriceMultipleEntries" time="0"/>
  <testcase classname="fi.tuni.prog3.junitorder.OrderTest" name="fi.tuni.prog3.junitorder.OrderTest.testGetEntriesEmptyOrder" time="0"/>
</testsuite>