<?xml version="1.0" encoding="UTF-8" ?>
<testsuite tests="62" failures="9" name="fi.tuni.prog3.junitorder.OrderTest" time="0.104" errors="0" skipped="0">
  <properties>
    <property name="java.runtime.name" value="Java(TM) SE Runtime Environment"/>
    <property name="java.vm.version" value="17.0.6+9-LTS-190"/>
    <property name="sun.boot.library.path" value="C:\Program Files\Java\jdk-17\bin"/>
    <property name="maven.multiModuleProjectDirectory" value="E:\Tuni course\Programing 3\progr3git\tnanng\round11\junitorder"/>
    <property name="java.vm.vendor" value="Oracle Corporation"/>
    <property name="java.vendor.url" value="https://java.oracle.com/"/>
    <property name="guice.disable.misplaced.annotation.check" value="true"/>
    <property name="path.separator" value=";"/>
    <property name="java.vm.name" value="Java HotSpot(TM) 64-Bit Server VM"/>
    <property name="sun.os.patch.level" value=""/>
    <property name="user.script" value=""/>
    <property name="user.country" value="US"/>
    <property name="sun.java.launcher" value="SUN_STANDARD"/>
    <property name="java.vm.specification.name" value="Java Virtual Machine Specification"/>
    <property name="user.dir" value="E:\Tuni course\Programing 3\progr3git\tnanng\round11\junitorder"/>
    <property name="java.vm.compressedOopsMode" value="Zero based"/>
    <property name="java.runtime.version" value="17.0.6+9-LTS-190"/>
    <property name="os.arch" value="amd64"/>
    <property name="java.io.tmpdir" value="C:\Users\LG\AppData\Local\Temp\"/>
    <property name="line.separator" value="
"/>
    <property name="java.vm.specification.vendor" value="Oracle Corporation"/>
    <property name="user.variant" value=""/>
    <property name="os.name" value="Windows 11"/>
    <property name="maven.ext.class.path" value="C:\Program Files\NetBeans-16\netbeans\java\maven-nblib\netbeans-eventspy.jar"/>
    <property name="classworlds.conf" value="C:\Program Files\NetBeans-16\netbeans\java\maven\bin\m2.conf"/>
    <property name="sun.jnu.encoding" value="Cp1252"/>
    <property name="java.library.path" value="C:\Program Files\Java\jdk-17\bin;C:\WINDOWS\Sun\Java\bin;C:\WINDOWS\system32;C:\WINDOWS;C:\Program Files\Common Files\Oracle\Java\javapath;C:\Program Files (x86)\VMware\VMware Workstation\bin\;C:\WINDOWS\system32;C:\WINDOWS;C:\WINDOWS\System32\Wbem;C:\WINDOWS\System32\WindowsPowerShell\v1.0\;C:\WINDOWS\System32\OpenSSH\;C:\HashiCorp\Vagrant\bin;C:\Program Files\Git\cmd;C:\Program Files\MATLAB\R2022a\runtime\win64;C:\Program Files\MATLAB\R2022a\bin;C:\Program Files\Docker\Docker\resources\bin;C:\Program Files\nodejs\;C:\ProgramData\chocolatey\bin;C:\Program Files\Microsoft SQL Server\150\Tools\Binn\;C:\Program Files\dotnet\;C:\Program Files\Microsoft SQL Server\130\Tools\Binn\;C:\Program Files (x86)\dotnet\;C:\Program Files\PowerShell\7\;C:\Program Files\Java\jdk-17\bin;C:\Program Files (x86)\Elm\0.19.1\bin;C:\Users\LG\AppData\Local\Microsoft\WindowsApps;C:\Users\LG\AppData\Local\Programs\Microsoft VS Code\bin;C:\Users\LG\AppData\Roaming\npm;C:\Users\LG\.dotnet\tools;C:\Program Files\JetBrains\IntelliJ IDEA Community Edition 2022.3.1\bin;;C:\Users\LG\AppData\Local\GitHubDesktop\bin;C:\Users\LG\.dotnet\tools;."/>
    <property name="maven.conf" value="C:\Program Files\NetBeans-16\netbeans\java\maven/conf"/>
    <property name="jdk.debug" value="release"/>
    <property name="java.class.version" value="61.0"/>
    <property name="java.specification.name" value="Java Platform API Specification"/>
    <property name="sun.management.compiler" value="HotSpot 64-Bit Tiered Compilers"/>
    <property name="os.version" value="10.0"/>
    <property name="library.jansi.path" value="C:\Program Files\NetBeans-16\netbeans\java\maven\lib\jansi-native"/>
    <property name="user.home" value="C:\Users\LG"/>
    <property name="user.timezone" value="Europe/Helsinki"/>
    <property name="file.encoding" value="UTF-8"/>
    <property name="java.specification.version" value="17"/>
    <property name="user.name" value="LG"/>
    <property name="java.class.path" value="C:\Program Files\NetBeans-16\netbeans\java\maven\boot\plexus-classworlds-2.6.0.jar"/>
    <property name="java.vm.specification.version" value="17"/>
    <property name="sun.arch.data.model" value="64"/>
    <property name="sun.java.command" value="org.codehaus.plexus.classworlds.launcher.Launcher -Dmaven.ext.class.path=C:\Program Files\NetBeans-16\netbeans\java\maven-nblib\netbeans-eventspy.jar -Dfile.encoding=UTF-8 clean install"/>
    <property name="java.home" value="C:\Program Files\Java\jdk-17"/>
    <property name="user.language" value="en"/>
    <property name="java.specification.vendor" value="Oracle Corporation"/>
    <property name="java.vm.info" value="mixed mode, sharing"/>
    <property name="java.version" value="17.0.6"/>
    <property name="native.encoding" value="Cp1252"/>
    <property name="java.vendor" value="Oracle Corporation"/>
    <property name="maven.home" value="C:\Program Files\NetBeans-16\netbeans\java\maven"/>
    <property name="file.separator" value="\"/>
    <property name="java.version.date" value="2023-01-17"/>
    <property name="java.vendor.url.bug" value="https://bugreport.java.com/bugreport/"/>
    <property name="sun.io.unicode.encoding" value="UnicodeLittle"/>
    <property name="sun.cpu.endian" value="little"/>
    <property name="sun.cpu.isalist" value="amd64"/>
  </properties>
  <testcase classname="fi.tuni.prog3.junitorder.OrderTest" name="fi.tuni.prog3.junitorder.OrderTest.testGetEntries" time="0.007"/>
  <testcase classname="fi.tuni.prog3.junitorder.OrderTest" name="fi.tuni.prog3.junitorder.OrderTest.testGetEntryCount" time="0.028">
    <failure message="expected: &lt;1&gt; but was: &lt;3&gt;" type="org.opentest4j.AssertionFailedError">org.opentest4j.AssertionFailedError: expected: &lt;1&gt; but was: &lt;3&gt;
	at org.junit.jupiter.api.AssertionUtils.fail(AssertionUtils.java:55)
	at org.junit.jupiter.api.AssertionUtils.failNotEqual(AssertionUtils.java:62)
	at org.junit.jupiter.api.AssertEquals.assertEquals(AssertEquals.java:150)
	at org.junit.jupiter.api.AssertEquals.assertEquals(AssertEquals.java:145)
	at org.junit.jupiter.api.Assertions.assertEquals(Assertions.java:510)
	at fi.tuni.prog3.junitorder.OrderTest.testGetEntryCount(OrderTest.java:264)
</failure>
  </testcase>
  <testcase classname="fi.tuni.prog3.junitorder.OrderTest" name="fi.tuni.prog3.junitorder.OrderTest.testAddItemsByName" time="0.004">
    <failure message="expected: &lt;1&gt; but was: &lt;5&gt;" type="org.opentest4j.AssertionFailedError">org.opentest4j.AssertionFailedError: expected: &lt;1&gt; but was: &lt;5&gt;
	at org.junit.jupiter.api.AssertionUtils.fail(AssertionUtils.java:55)
	at org.junit.jupiter.api.AssertionUtils.failNotEqual(AssertionUtils.java:62)
	at org.junit.jupiter.api.AssertEquals.assertEquals(AssertEquals.java:150)
	at org.junit.jupiter.api.AssertEquals.assertEquals(AssertEquals.java:145)
	at org.junit.jupiter.api.Assertions.assertEquals(Assertions.java:510)
	at fi.tuni.prog3.junitorder.OrderTest.testAddItemsByName(OrderTest.java:75)
</failure>
  </testcase>
  <testcase classname="fi.tuni.prog3.junitorder.OrderTest" name="fi.tuni.prog3.junitorder.OrderTest.testAddItems" time="0">
    <failure message="expected: &lt;1&gt; but was: &lt;3&gt;" type="org.opentest4j.AssertionFailedError">org.opentest4j.AssertionFailedError: expected: &lt;1&gt; but was: &lt;3&gt;
	at org.junit.jupiter.api.AssertionUtils.fail(AssertionUtils.java:55)
	at org.junit.jupiter.api.AssertionUtils.failNotEqual(AssertionUtils.java:62)
	at org.junit.jupiter.api.AssertEquals.assertEquals(AssertEquals.java:150)
	at org.junit.jupiter.api.AssertEquals.assertEquals(AssertEquals.java:145)
	at org.junit.jupiter.api.Assertions.assertEquals(Assertions.java:510)
	at fi.tuni.prog3.junitorder.OrderTest.testAddItems(OrderTest.java:55)
</failure>
  </testcase>
  <testcase classname="fi.tuni.prog3.junitorder.OrderTest" name="fi.tuni.prog3.junitorder.OrderTest.testGetTotalPrice" time="0"/>
  <testcase classname="fi.tuni.prog3.junitorder.OrderTest" name="fi.tuni.prog3.junitorder.OrderTest.testEntryGetCount" time="0"/>
  <testcase classname="fi.tuni.prog3.junitorder.OrderTest" name="fi.tuni.prog3.junitorder.OrderTest.testEntryGetItem" time="0"/>
  <testcase classname="fi.tuni.prog3.junitorder.OrderTest" name="fi.tuni.prog3.junitorder.OrderTest.testItemGetPrice" time="0"/>
  <testcase classname="fi.tuni.prog3.junitorder.OrderTest" name="fi.tuni.prog3.junitorder.OrderTest.testItemGetName" time="0"/>
  <testcase classname="fi.tuni.prog3.junitorder.OrderTest" name="fi.tuni.prog3.junitorder.OrderTest.testItemEquals" time="0"/>
  <testcase classname="fi.tuni.prog3.junitorder.OrderTest" name="fi.tuni.prog3.junitorder.OrderTest.testEntryToString" time="0.039"/>
  <testcase classname="fi.tuni.prog3.junitorder.OrderTest" name="fi.tuni.prog3.junitorder.OrderTest.testRemoveItems" time="0.001">
    <failure message="expected: &lt;2&gt; but was: &lt;4&gt;" type="org.opentest4j.AssertionFailedError">org.opentest4j.AssertionFailedError: expected: &lt;2&gt; but was: &lt;4&gt;
	at org.junit.jupiter.api.AssertionUtils.fail(AssertionUtils.java:55)
	at org.junit.jupiter.api.AssertionUtils.failNotEqual(AssertionUtils.java:62)
	at org.junit.jupiter.api.AssertEquals.assertEquals(AssertEquals.java:150)
	at org.junit.jupiter.api.AssertEquals.assertEquals(AssertEquals.java:145)
	at org.junit.jupiter.api.Assertions.assertEquals(Assertions.java:510)
	at fi.tuni.prog3.junitorder.OrderTest.testRemoveItems(OrderTest.java:349)
</failure>
  </testcase>
  <testcase classname="fi.tuni.prog3.junitorder.OrderTest" name="fi.tuni.prog3.junitorder.OrderTest.testItemToString" time="0"/>
  <testcase classname="fi.tuni.prog3.junitorder.OrderTest" name="fi.tuni.prog3.junitorder.OrderTest.testAddItemsByNameMultipleDistinctItems" time="0"/>
  <testcase classname="fi.tuni.prog3.junitorder.OrderTest" name="fi.tuni.prog3.junitorder.OrderTest.testGetEntriesAfterAddingAndRemovingItems" time="0"/>
  <testcase classname="fi.tuni.prog3.junitorder.OrderTest" name="fi.tuni.prog3.junitorder.OrderTest.testEntryConstructorWithDifferentItems" time="0.001"/>
  <testcase classname="fi.tuni.prog3.junitorder.OrderTest" name="fi.tuni.prog3.junitorder.OrderTest.testGetTotalPriceAfterAddingAndRemovingItems" time="0"/>
  <testcase classname="fi.tuni.prog3.junitorder.OrderTest" name="fi.tuni.prog3.junitorder.OrderTest.testItemEqualityDifferentNameAndPrice" time="0"/>
  <testcase classname="fi.tuni.prog3.junitorder.OrderTest" name="fi.tuni.prog3.junitorder.OrderTest.testEntryConstructorWithNegativeCount" time="0.005"/>
  <testcase classname="fi.tuni.prog3.junitorder.OrderTest" name="fi.tuni.prog3.junitorder.OrderTest.testOrderConstructorWithMultipleEntries" time="0.001">
    <failure message="expected: &lt;2&gt; but was: &lt;5&gt;" type="org.opentest4j.AssertionFailedError">org.opentest4j.AssertionFailedError: expected: &lt;2&gt; but was: &lt;5&gt;
	at org.junit.jupiter.api.AssertionUtils.fail(AssertionUtils.java:55)
	at org.junit.jupiter.api.AssertionUtils.failNotEqual(AssertionUtils.java:62)
	at org.junit.jupiter.api.AssertEquals.assertEquals(AssertEquals.java:150)
	at org.junit.jupiter.api.AssertEquals.assertEquals(AssertEquals.java:145)
	at org.junit.jupiter.api.Assertions.assertEquals(Assertions.java:510)
	at fi.tuni.prog3.junitorder.OrderTest.testOrderConstructorWithMultipleEntries(OrderTest.java:593)
</failure>
  </testcase>
  <testcase classname="fi.tuni.prog3.junitorder.OrderTest" name="fi.tuni.prog3.junitorder.OrderTest.testGetItemFromDifferentEntry" time="0"/>
  <testcase classname="fi.tuni.prog3.junitorder.OrderTest" name="fi.tuni.prog3.junitorder.OrderTest.testItemGetPriceZero" time="0"/>
  <testcase classname="fi.tuni.prog3.junitorder.OrderTest" name="fi.tuni.prog3.junitorder.OrderTest.testAddItemsToExistingEntry" time="0"/>
  <testcase classname="fi.tuni.prog3.junitorder.OrderTest" name="fi.tuni.prog3.junitorder.OrderTest.testItemConstructor" time="0.001"/>
  <testcase classname="fi.tuni.prog3.junitorder.OrderTest" name="fi.tuni.prog3.junitorder.OrderTest.testToStringOfDifferentEntry" time="0"/>
  <testcase classname="fi.tuni.prog3.junitorder.OrderTest" name="fi.tuni.prog3.junitorder.OrderTest.testAddItemsMultipleDistinctItems" time="0.001"/>
  <testcase classname="fi.tuni.prog3.junitorder.OrderTest" name="fi.tuni.prog3.junitorder.OrderTest.testRemoveItemsLargerCount" time="0.001"/>
  <testcase classname="fi.tuni.prog3.junitorder.OrderTest" name="fi.tuni.prog3.junitorder.OrderTest.testGetEntriesSingleEntry" time="0"/>
  <testcase classname="fi.tuni.prog3.junitorder.OrderTest" name="fi.tuni.prog3.junitorder.OrderTest.testAddItemsLargeCount" time="0"/>
  <testcase classname="fi.tuni.prog3.junitorder.OrderTest" name="fi.tuni.prog3.junitorder.OrderTest.testEntryConstructorWithZeroCount" time="0.001"/>
  <testcase classname="fi.tuni.prog3.junitorder.OrderTest" name="fi.tuni.prog3.junitorder.OrderTest.testGetTotalPriceSingleEntry" time="0"/>
  <testcase classname="fi.tuni.prog3.junitorder.OrderTest" name="fi.tuni.prog3.junitorder.OrderTest.testItemToStringRoundedPrice" time="0"/>
  <testcase classname="fi.tuni.prog3.junitorder.OrderTest" name="fi.tuni.prog3.junitorder.OrderTest.testRemoveAllItemsOfAnEntry" time="0"/>
  <testcase classname="fi.tuni.prog3.junitorder.OrderTest" name="fi.tuni.prog3.junitorder.OrderTest.testAddItemsByNameNegativeCount" time="0.003">
    <failure message="Expected java.lang.IllegalArgumentException to be thrown, but nothing was thrown." type="org.opentest4j.AssertionFailedError">org.opentest4j.AssertionFailedError: Expected java.lang.IllegalArgumentException to be thrown, but nothing was thrown.
	at org.junit.jupiter.api.AssertThrows.assertThrows(AssertThrows.java:71)
	at org.junit.jupiter.api.AssertThrows.assertThrows(AssertThrows.java:37)
	at org.junit.jupiter.api.Assertions.assertThrows(Assertions.java:2952)
	at fi.tuni.prog3.junitorder.OrderTest.testAddItemsByNameNegativeCount(OrderTest.java:83)
</failure>
  </testcase>
  <testcase classname="fi.tuni.prog3.junitorder.OrderTest" name="fi.tuni.prog3.junitorder.OrderTest.testAddItemsByNameNonexistent" time="0.001"/>
  <testcase classname="fi.tuni.prog3.junitorder.OrderTest" name="fi.tuni.prog3.junitorder.OrderTest.testGetEntriesMultipleEntries" time="0"/>
  <testcase classname="fi.tuni.prog3.junitorder.OrderTest" name="fi.tuni.prog3.junitorder.OrderTest.testEntryGetUnitPrice" time="0"/>
  <testcase classname="fi.tuni.prog3.junitorder.OrderTest" name="fi.tuni.prog3.junitorder.OrderTest.testGetCountFromDifferentEntry" time="0"/>
  <testcase classname="fi.tuni.prog3.junitorder.OrderTest" name="fi.tuni.prog3.junitorder.OrderTest.testItemEqualityDifferentPrice" time="0"/>
  <testcase classname="fi.tuni.prog3.junitorder.OrderTest" name="fi.tuni.prog3.junitorder.OrderTest.testOrderConstructorWithNoEntries" time="0"/>
  <testcase classname="fi.tuni.prog3.junitorder.OrderTest" name="fi.tuni.prog3.junitorder.OrderTest.testRemoveItemsNegativeCount" time="0.001"/>
  <testcase classname="fi.tuni.prog3.junitorder.OrderTest" name="fi.tuni.prog3.junitorder.OrderTest.testGetTotalPriceEmptyOrder" time="0"/>
  <testcase classname="fi.tuni.prog3.junitorder.OrderTest" name="fi.tuni.prog3.junitorder.OrderTest.testGetItemNameFromDifferentEntry" time="0"/>
  <testcase classname="fi.tuni.prog3.junitorder.OrderTest" name="fi.tuni.prog3.junitorder.OrderTest.testEntryConstructor" time="0"/>
  <testcase classname="fi.tuni.prog3.junitorder.OrderTest" name="fi.tuni.prog3.junitorder.OrderTest.testItemEqualityWithItself" time="0"/>
  <testcase classname="fi.tuni.prog3.junitorder.OrderTest" name="fi.tuni.prog3.junitorder.OrderTest.testGetEntryCountEmptyOrder" time="0"/>
  <testcase classname="fi.tuni.prog3.junitorder.OrderTest" name="fi.tuni.prog3.junitorder.OrderTest.testAddItemsNegativeCount" time="0.002"/>
  <testcase classname="fi.tuni.prog3.junitorder.OrderTest" name="fi.tuni.prog3.junitorder.OrderTest.testAddItemsByNameNonExistentItem" time="0.001"/>
  <testcase classname="fi.tuni.prog3.junitorder.OrderTest" name="fi.tuni.prog3.junitorder.OrderTest.testOrderConstructorWithNewItem" time="0.001">
    <failure message="expected: &lt;1&gt; but was: &lt;4&gt;" type="org.opentest4j.AssertionFailedError">org.opentest4j.AssertionFailedError: expected: &lt;1&gt; but was: &lt;4&gt;
	at org.junit.jupiter.api.AssertionUtils.fail(AssertionUtils.java:55)
	at org.junit.jupiter.api.AssertionUtils.failNotEqual(AssertionUtils.java:62)
	at org.junit.jupiter.api.AssertEquals.assertEquals(AssertEquals.java:150)
	at org.junit.jupiter.api.AssertEquals.assertEquals(AssertEquals.java:145)
	at org.junit.jupiter.api.Assertions.assertEquals(Assertions.java:510)
	at fi.tuni.prog3.junitorder.OrderTest.testOrderConstructorWithNewItem(OrderTest.java:614)
</failure>
  </testcase>
  <testcase classname="fi.tuni.prog3.junitorder.OrderTest" name="fi.tuni.prog3.junitorder.OrderTest.testEntryGetItemName" time="0"/>
  <testcase classname="fi.tuni.prog3.junitorder.OrderTest" name="fi.tuni.prog3.junitorder.OrderTest.testNegativePriceItemCreation" time="0.001"/>
  <testcase classname="fi.tuni.prog3.junitorder.OrderTest" name="fi.tuni.prog3.junitorder.OrderTest.testAddItemsByNameToExistingEntry" time="0"/>
  <testcase classname="fi.tuni.prog3.junitorder.OrderTest" name="fi.tuni.prog3.junitorder.OrderTest.testOrderConstructor" time="0"/>
  <testcase classname="fi.tuni.prog3.junitorder.OrderTest" name="fi.tuni.prog3.junitorder.OrderTest.testValidItemCreation" time="0"/>
  <testcase classname="fi.tuni.prog3.junitorder.OrderTest" name="fi.tuni.prog3.junitorder.OrderTest.testAddItemsSameNameDifferentPrice" time="0.001"/>
  <testcase classname="fi.tuni.prog3.junitorder.OrderTest" name="fi.tuni.prog3.junitorder.OrderTest.testRemoveItemsNonexistent" time="0.001"/>
  <testcase classname="fi.tuni.prog3.junitorder.OrderTest" name="fi.tuni.prog3.junitorder.OrderTest.testAddItemsByNameZeroCount" time="0.002">
    <failure message="Expected java.lang.IllegalArgumentException to be thrown, but nothing was thrown." type="org.opentest4j.AssertionFailedError">org.opentest4j.AssertionFailedError: Expected java.lang.IllegalArgumentException to be thrown, but nothing was thrown.
	at org.junit.jupiter.api.AssertThrows.assertThrows(AssertThrows.java:71)
	at org.junit.jupiter.api.AssertThrows.assertThrows(AssertThrows.java:37)
	at org.junit.jupiter.api.Assertions.assertThrows(Assertions.java:2952)
	at fi.tuni.prog3.junitorder.OrderTest.testAddItemsByNameZeroCount(OrderTest.java:167)
</failure>
  </testcase>
  <testcase classname="fi.tuni.prog3.junitorder.OrderTest" name="fi.tuni.prog3.junitorder.OrderTest.testItemGetPricePositive" time="0"/>
  <testcase classname="fi.tuni.prog3.junitorder.OrderTest" name="fi.tuni.prog3.junitorder.OrderTest.testItemEqualityWithNull" time="0">
    <failure message="Cannot invoke &quot;fi.tuni.prog3.junitorder.Order$Item.getName()&quot; because &quot;other&quot; is null" type="java.lang.NullPointerException">java.lang.NullPointerException: Cannot invoke &quot;fi.tuni.prog3.junitorder.Order$Item.getName()&quot; because &quot;other&quot; is null
	at fi.tuni.prog3.junitorder.Order$Item.equals(Order.java:286)
	at fi.tuni.prog3.junitorder.OrderTest.testItemEqualityWithNull(OrderTest.java:549)
</failure>
  </testcase>
  <testcase classname="fi.tuni.prog3.junitorder.OrderTest" name="fi.tuni.prog3.junitorder.OrderTest.testGetUnitPriceFromDifferentEntry" time="0"/>
  <testcase classname="fi.tuni.prog3.junitorder.OrderTest" name="fi.tuni.prog3.junitorder.OrderTest.testGetTotalPriceMultipleEntries" time="0"/>
  <testcase classname="fi.tuni.prog3.junitorder.OrderTest" name="fi.tuni.prog3.junitorder.OrderTest.testGetEntriesEmptyOrder" time="0"/>
</testsuite>