<?xml version="1.0" encoding="UTF-8" ?>
<testsuite tests="4" failures="2" name="fi.tuni.prog3.junitattainment.AttainmentTest" time="0.084" errors="0" skipped="0">
  <properties>
[...]
</properties>
  <testcase classname="fi.tuni.prog3.junitattainment.AttainmentTest" name="fi.tuni.prog3.junitattainment.AttainmentTest.testConstructorWithInvalidArguments" time="0.062">
    <failure message="Expected java.lang.IllegalArgumentException to be thrown, but nothing was thrown." type="org.opentest4j.AssertionFailedError">org.opentest4j.AssertionFailedError: Expected java.lang.IllegalArgumentException to be thrown, but nothing was thrown.
	at org.junit.jupiter.api.AssertThrows.assertThrows(AssertThrows.java:71)
	at org.junit.jupiter.api.AssertThrows.assertThrows(AssertThrows.java:37)
	at org.junit.jupiter.api.Assertions.assertThrows(Assertions.java:2952)
	at fi.tuni.prog3.junitattainment.AttainmentTest.testConstructorWithInvalidArguments(AttainmentTest.java:31)
</failure>
  </testcase>
  <testcase classname="fi.tuni.prog3.junitattainment.AttainmentTest" name="fi.tuni.prog3.junitattainment.AttainmentTest.testConstructorAndGetters" time="0"/>
  <testcase classname="fi.tuni.prog3.junitattainment.AttainmentTest" name="fi.tuni.prog3.junitattainment.AttainmentTest.testToString" time="0.016"/>
  <testcase classname="fi.tuni.prog3.junitattainment.AttainmentTest" name="fi.tuni.prog3.junitattainment.AttainmentTest.testCompareTo" time="0.006">
    <failure message="expected: &lt;true&gt; but was: &lt;false&gt;" type="org.opentest4j.AssertionFailedError">org.opentest4j.AssertionFailedError: expected: &lt;true&gt; but was: &lt;false&gt;
	at org.junit.jupiter.api.AssertionUtils.fail(AssertionUtils.java:55)
	at org.junit.jupiter.api.AssertTrue.assertTrue(AssertTrue.java:40)
	at org.junit.jupiter.api.AssertTrue.assertTrue(AssertTrue.java:35)
	at org.junit.jupiter.api.Assertions.assertTrue(Assertions.java:162)
	at fi.tuni.prog3.junitattainment.AttainmentTest.testCompareTo(AttainmentTest.java:50)
</failure>
  </testcase>
</testsuite>